<?xml version="1.0" encoding="UTF-8"?>
<testng-results skipped="0" failed="0" ignored="0" total="1" passed="1">
  <reporter-output>
  </reporter-output>
  <suite name="Default suite" duration-ms="2598" started-at="2021-09-20T04:55:03Z" finished-at="2021-09-20T04:55:06Z">
    <groups>
    </groups>
    <test name="Default test" duration-ms="2598" started-at="2021-09-20T04:55:03Z" finished-at="2021-09-20T04:55:06Z">
      <class name="Execise2_Rest_API.Get2_Request">
        <test-method status="PASS" signature="get2WhetherDetails()[pri:0, instance:Execise2_Rest_API.Get2_Request@7c469c48]" name="get2WhetherDetails" duration-ms="2534" started-at="2021-09-20T04:55:03Z" finished-at="2021-09-20T04:55:06Z">
          <reporter-output>
          </reporter-output>
        </test-method> <!-- get2WhetherDetails -->
      </class> <!-- Execise2_Rest_API.Get2_Request -->
    </test> <!-- Default test -->
  </suite> <!-- Default suite -->
</testng-results>
